/root/shared_home/Documents/robo202/tricycle_camera_ws/install/tricycle_camera_pkg/lib/python3.10/site-packages/tricycle_camera_pkg/__init__.py
/root/shared_home/Documents/robo202/tricycle_camera_ws/install/tricycle_camera_pkg/lib/python3.10/site-packages/tricycle_camera_pkg/image_capture.py
/root/shared_home/Documents/robo202/tricycle_camera_ws/install/tricycle_camera_pkg/lib/python3.10/site-packages/tricycle_camera_pkg/__pycache__/__init__.cpython-310.pyc
/root/shared_home/Documents/robo202/tricycle_camera_ws/install/tricycle_camera_pkg/lib/python3.10/site-packages/tricycle_camera_pkg/__pycache__/image_capture.cpython-310.pyc
/root/shared_home/Documents/robo202/tricycle_camera_ws/install/tricycle_camera_pkg/share/ament_index/resource_index/packages/tricycle_camera_pkg
/root/shared_home/Documents/robo202/tricycle_camera_ws/install/tricycle_camera_pkg/share/tricycle_camera_pkg/package.xml
/root/shared_home/Documents/robo202/tricycle_camera_ws/install/tricycle_camera_pkg/share/tricycle_camera_pkg/launch/simulation.launch.py
/root/shared_home/Documents/robo202/tricycle_camera_ws/install/tricycle_camera_pkg/share/tricycle_camera_pkg/urdf/tricycle.urdf
/root/shared_home/Documents/robo202/tricycle_camera_ws/install/tricycle_camera_pkg/share/tricycle_camera_pkg/urdf/obstacles.urdf
/root/shared_home/Documents/robo202/tricycle_camera_ws/install/tricycle_camera_pkg/share/tricycle_camera_pkg/urdf/obstacles.sdf
/root/shared_home/Documents/robo202/tricycle_camera_ws/install/tricycle_camera_pkg/share/tricycle_camera_pkg/urdf/tricycle.sdf
/root/shared_home/Documents/robo202/tricycle_camera_ws/install/tricycle_camera_pkg/share/tricycle_camera_pkg/worlds
/root/shared_home/Documents/robo202/tricycle_camera_ws/install/tricycle_camera_pkg/lib/python3.10/site-packages/tricycle_camera_pkg-0.0.0-py3.10.egg-info/dependency_links.txt
/root/shared_home/Documents/robo202/tricycle_camera_ws/install/tricycle_camera_pkg/lib/python3.10/site-packages/tricycle_camera_pkg-0.0.0-py3.10.egg-info/PKG-INFO
/root/shared_home/Documents/robo202/tricycle_camera_ws/install/tricycle_camera_pkg/lib/python3.10/site-packages/tricycle_camera_pkg-0.0.0-py3.10.egg-info/SOURCES.txt
/root/shared_home/Documents/robo202/tricycle_camera_ws/install/tricycle_camera_pkg/lib/python3.10/site-packages/tricycle_camera_pkg-0.0.0-py3.10.egg-info/requires.txt
/root/shared_home/Documents/robo202/tricycle_camera_ws/install/tricycle_camera_pkg/lib/python3.10/site-packages/tricycle_camera_pkg-0.0.0-py3.10.egg-info/top_level.txt
/root/shared_home/Documents/robo202/tricycle_camera_ws/install/tricycle_camera_pkg/lib/python3.10/site-packages/tricycle_camera_pkg-0.0.0-py3.10.egg-info/entry_points.txt
/root/shared_home/Documents/robo202/tricycle_camera_ws/install/tricycle_camera_pkg/lib/python3.10/site-packages/tricycle_camera_pkg-0.0.0-py3.10.egg-info/zip-safe
/root/shared_home/Documents/robo202/tricycle_camera_ws/install/tricycle_camera_pkg/lib/tricycle_camera_pkg/image_capture
