[0.927s] Invoking command in '/workspace/src/tricycle_camera_pkg': PYTHONPATH=/workspace/build/tricycle_camera_pkg/prefix_override:/usr/lib/python3/dist-packages/colcon_core/task/python/colcon_distutils_commands:/workspace/install/tricycle_camera_pkg/lib/python3.10/site-packages:${PYTHONPATH} /usr/bin/python3 -W ignore:setup.py install is deprecated -W ignore:easy_install command is deprecated setup.py egg_info --egg-base ../../build/tricycle_camera_pkg build --build-base /workspace/build/tricycle_camera_pkg/build install --record /workspace/build/tricycle_camera_pkg/install.log --single-version-externally-managed install_data
[1.269s] running egg_info
[1.270s] writing ../../build/tricycle_camera_pkg/tricycle_camera_pkg.egg-info/PKG-INFO
[1.271s] writing dependency_links to ../../build/tricycle_camera_pkg/tricycle_camera_pkg.egg-info/dependency_links.txt
[1.271s] writing entry points to ../../build/tricycle_camera_pkg/tricycle_camera_pkg.egg-info/entry_points.txt
[1.271s] writing requirements to ../../build/tricycle_camera_pkg/tricycle_camera_pkg.egg-info/requires.txt
[1.271s] writing top-level names to ../../build/tricycle_camera_pkg/tricycle_camera_pkg.egg-info/top_level.txt
[1.273s] reading manifest file '../../build/tricycle_camera_pkg/tricycle_camera_pkg.egg-info/SOURCES.txt'
[1.276s] writing manifest file '../../build/tricycle_camera_pkg/tricycle_camera_pkg.egg-info/SOURCES.txt'
[1.277s] running build
[1.277s] running build_py
[1.277s] copying tricycle_camera_pkg/image_capture.py -> /workspace/build/tricycle_camera_pkg/build/lib/tricycle_camera_pkg
[1.277s] running install
[1.278s] running install_lib
[1.279s] copying /workspace/build/tricycle_camera_pkg/build/lib/tricycle_camera_pkg/image_capture.py -> /workspace/install/tricycle_camera_pkg/lib/python3.10/site-packages/tricycle_camera_pkg
[1.280s] byte-compiling /workspace/install/tricycle_camera_pkg/lib/python3.10/site-packages/tricycle_camera_pkg/image_capture.py to image_capture.cpython-310.pyc
[1.281s] running install_data
[1.281s] running install_egg_info
[1.284s] removing '/workspace/install/tricycle_camera_pkg/lib/python3.10/site-packages/tricycle_camera_pkg-0.0.0-py3.10.egg-info' (and everything under it)
[1.284s] Copying ../../build/tricycle_camera_pkg/tricycle_camera_pkg.egg-info to /workspace/install/tricycle_camera_pkg/lib/python3.10/site-packages/tricycle_camera_pkg-0.0.0-py3.10.egg-info
[1.285s] running install_scripts
[1.317s] Installing image_capture script to /workspace/install/tricycle_camera_pkg/lib/tricycle_camera_pkg
[1.317s] writing list of installed files to '/workspace/build/tricycle_camera_pkg/install.log'
[1.357s] Invoked command in '/workspace/src/tricycle_camera_pkg' returned '0': PYTHONPATH=/workspace/build/tricycle_camera_pkg/prefix_override:/usr/lib/python3/dist-packages/colcon_core/task/python/colcon_distutils_commands:/workspace/install/tricycle_camera_pkg/lib/python3.10/site-packages:${PYTHONPATH} /usr/bin/python3 -W ignore:setup.py install is deprecated -W ignore:easy_install command is deprecated setup.py egg_info --egg-base ../../build/tricycle_camera_pkg build --build-base /workspace/build/tricycle_camera_pkg/build install --record /workspace/build/tricycle_camera_pkg/install.log --single-version-externally-managed install_data
