running egg_info
writing ../../build/tricycle_camera_pkg/tricycle_camera_pkg.egg-info/PKG-INFO
writing dependency_links to ../../build/tricycle_camera_pkg/tricycle_camera_pkg.egg-info/dependency_links.txt
writing entry points to ../../build/tricycle_camera_pkg/tricycle_camera_pkg.egg-info/entry_points.txt
writing requirements to ../../build/tricycle_camera_pkg/tricycle_camera_pkg.egg-info/requires.txt
writing top-level names to ../../build/tricycle_camera_pkg/tricycle_camera_pkg.egg-info/top_level.txt
reading manifest file '../../build/tricycle_camera_pkg/tricycle_camera_pkg.egg-info/SOURCES.txt'
writing manifest file '../../build/tricycle_camera_pkg/tricycle_camera_pkg.egg-info/SOURCES.txt'
running build
running build_py
copying tricycle_camera_pkg/image_capture.py -> /home/amanah/Documents/robo202/tricycle_camera_ws/build/tricycle_camera_pkg/build/lib/tricycle_camera_pkg
running install
running install_lib
copying /home/amanah/Documents/robo202/tricycle_camera_ws/build/tricycle_camera_pkg/build/lib/tricycle_camera_pkg/image_capture.py -> /home/amanah/Documents/robo202/tricycle_camera_ws/install/tricycle_camera_pkg/lib/python3.12/site-packages/tricycle_camera_pkg
byte-compiling /home/amanah/Documents/robo202/tricycle_camera_ws/install/tricycle_camera_pkg/lib/python3.12/site-packages/tricycle_camera_pkg/image_capture.py to image_capture.cpython-312.pyc
running install_data
copying launch/simulation.launch.py -> /home/amanah/Documents/robo202/tricycle_camera_ws/install/tricycle_camera_pkg/share/tricycle_camera_pkg/launch
copying urdf/tricycle.sdf -> /home/amanah/Documents/robo202/tricycle_camera_ws/install/tricycle_camera_pkg/share/tricycle_camera_pkg/urdf
running install_egg_info
removing '/home/amanah/Documents/robo202/tricycle_camera_ws/install/tricycle_camera_pkg/lib/python3.12/site-packages/tricycle_camera_pkg-0.0.0-py3.12.egg-info' (and everything under it)
Copying ../../build/tricycle_camera_pkg/tricycle_camera_pkg.egg-info to /home/amanah/Documents/robo202/tricycle_camera_ws/install/tricycle_camera_pkg/lib/python3.12/site-packages/tricycle_camera_pkg-0.0.0-py3.12.egg-info
running install_scripts
Installing image_capture script to /home/amanah/Documents/robo202/tricycle_camera_ws/install/tricycle_camera_pkg/lib/tricycle_camera_pkg
writing list of installed files to '/home/amanah/Documents/robo202/tricycle_camera_ws/build/tricycle_camera_pkg/install.log'
