[1.471s] Invoking command in '/home/amanah/Documents/robo202/tricycle_camera_ws/build/tricycle_camera_pkg': DEBUGINFOD_URLS=https://debuginfod.ubuntu.com PYTHONPATH=/home/amanah/Documents/robo202/tricycle_camera_ws/build/tricycle_camera_pkg/prefix_override:/usr/lib/python3/dist-packages/colcon_core/task/python/colcon_distutils_commands:/home/amanah/Documents/robo202/tricycle_camera_ws/install/tricycle_camera_pkg/lib/python3.12/site-packages:${PYTHONPATH} /usr/bin/python3 -W ignore:setup.py install is deprecated -W ignore:easy_install command is deprecated setup.py develop --uninstall --editable --build-directory /home/amanah/Documents/robo202/tricycle_camera_ws/build/tricycle_camera_pkg/build
[2.043s] running develop
[2.243s] Removing /home/amanah/Documents/robo202/tricycle_camera_ws/install/tricycle_camera_pkg/lib/python3.12/site-packages/tricycle-camera-pkg.egg-link (link to .)
[2.298s] Invoked command in '/home/amanah/Documents/robo202/tricycle_camera_ws/build/tricycle_camera_pkg' returned '0': DEBUGINFOD_URLS=https://debuginfod.ubuntu.com PYTHONPATH=/home/amanah/Documents/robo202/tricycle_camera_ws/build/tricycle_camera_pkg/prefix_override:/usr/lib/python3/dist-packages/colcon_core/task/python/colcon_distutils_commands:/home/amanah/Documents/robo202/tricycle_camera_ws/install/tricycle_camera_pkg/lib/python3.12/site-packages:${PYTHONPATH} /usr/bin/python3 -W ignore:setup.py install is deprecated -W ignore:easy_install command is deprecated setup.py develop --uninstall --editable --build-directory /home/amanah/Documents/robo202/tricycle_camera_ws/build/tricycle_camera_pkg/build
[2.301s] Invoking command in '/home/amanah/Documents/robo202/tricycle_camera_ws/src/tricycle_camera_pkg': DEBUGINFOD_URLS=https://debuginfod.ubuntu.com PYTHONPATH=/home/amanah/Documents/robo202/tricycle_camera_ws/build/tricycle_camera_pkg/prefix_override:/usr/lib/python3/dist-packages/colcon_core/task/python/colcon_distutils_commands:/home/amanah/Documents/robo202/tricycle_camera_ws/install/tricycle_camera_pkg/lib/python3.12/site-packages:${PYTHONPATH} /usr/bin/python3 -W ignore:setup.py install is deprecated -W ignore:easy_install command is deprecated setup.py egg_info --egg-base ../../build/tricycle_camera_pkg build --build-base /home/amanah/Documents/robo202/tricycle_camera_ws/build/tricycle_camera_pkg/build install --record /home/amanah/Documents/robo202/tricycle_camera_ws/build/tricycle_camera_pkg/install.log --single-version-externally-managed install_data --force
[2.646s] running egg_info
[2.662s] writing ../../build/tricycle_camera_pkg/tricycle_camera_pkg.egg-info/PKG-INFO
[2.662s] writing dependency_links to ../../build/tricycle_camera_pkg/tricycle_camera_pkg.egg-info/dependency_links.txt
[2.662s] writing entry points to ../../build/tricycle_camera_pkg/tricycle_camera_pkg.egg-info/entry_points.txt
[2.663s] writing requirements to ../../build/tricycle_camera_pkg/tricycle_camera_pkg.egg-info/requires.txt
[2.663s] writing top-level names to ../../build/tricycle_camera_pkg/tricycle_camera_pkg.egg-info/top_level.txt
[2.697s] reading manifest file '../../build/tricycle_camera_pkg/tricycle_camera_pkg.egg-info/SOURCES.txt'
[2.764s] writing manifest file '../../build/tricycle_camera_pkg/tricycle_camera_pkg.egg-info/SOURCES.txt'
[2.764s] running build
[2.764s] running build_py
[2.764s] copying tricycle_camera_pkg/image_capture.py -> /home/amanah/Documents/robo202/tricycle_camera_ws/build/tricycle_camera_pkg/build/lib/tricycle_camera_pkg
[2.764s] running install
[2.779s] running install_lib
[2.811s] creating /home/amanah/Documents/robo202/tricycle_camera_ws/install/tricycle_camera_pkg/lib/python3.12/site-packages/tricycle_camera_pkg
[2.811s] copying /home/amanah/Documents/robo202/tricycle_camera_ws/build/tricycle_camera_pkg/build/lib/tricycle_camera_pkg/__init__.py -> /home/amanah/Documents/robo202/tricycle_camera_ws/install/tricycle_camera_pkg/lib/python3.12/site-packages/tricycle_camera_pkg
[2.812s] copying /home/amanah/Documents/robo202/tricycle_camera_ws/build/tricycle_camera_pkg/build/lib/tricycle_camera_pkg/image_capture.py -> /home/amanah/Documents/robo202/tricycle_camera_ws/install/tricycle_camera_pkg/lib/python3.12/site-packages/tricycle_camera_pkg
[2.812s] byte-compiling /home/amanah/Documents/robo202/tricycle_camera_ws/install/tricycle_camera_pkg/lib/python3.12/site-packages/tricycle_camera_pkg/__init__.py to __init__.cpython-312.pyc
[2.812s] byte-compiling /home/amanah/Documents/robo202/tricycle_camera_ws/install/tricycle_camera_pkg/lib/python3.12/site-packages/tricycle_camera_pkg/image_capture.py to image_capture.cpython-312.pyc
[2.813s] running install_data
[2.814s] copying resource/tricycle_camera_pkg -> /home/amanah/Documents/robo202/tricycle_camera_ws/install/tricycle_camera_pkg/share/ament_index/resource_index/packages
[2.814s] copying package.xml -> /home/amanah/Documents/robo202/tricycle_camera_ws/install/tricycle_camera_pkg/share/tricycle_camera_pkg
[2.814s] copying launch/simulation.launch.py -> /home/amanah/Documents/robo202/tricycle_camera_ws/install/tricycle_camera_pkg/share/tricycle_camera_pkg/launch
[2.814s] copying urdf/tricycle.urdf -> /home/amanah/Documents/robo202/tricycle_camera_ws/install/tricycle_camera_pkg/share/tricycle_camera_pkg/urdf
[2.815s] copying urdf/obstacles.urdf -> /home/amanah/Documents/robo202/tricycle_camera_ws/install/tricycle_camera_pkg/share/tricycle_camera_pkg/urdf
[2.815s] copying urdf/tricycle.sdf -> /home/amanah/Documents/robo202/tricycle_camera_ws/install/tricycle_camera_pkg/share/tricycle_camera_pkg/urdf
[2.815s] running install_egg_info
[2.850s] Copying ../../build/tricycle_camera_pkg/tricycle_camera_pkg.egg-info to /home/amanah/Documents/robo202/tricycle_camera_ws/install/tricycle_camera_pkg/lib/python3.12/site-packages/tricycle_camera_pkg-0.0.0-py3.12.egg-info
[2.923s] running install_scripts
[3.067s] Installing image_capture script to /home/amanah/Documents/robo202/tricycle_camera_ws/install/tricycle_camera_pkg/lib/tricycle_camera_pkg
[3.068s] writing list of installed files to '/home/amanah/Documents/robo202/tricycle_camera_ws/build/tricycle_camera_pkg/install.log'
[3.103s] Invoked command in '/home/amanah/Documents/robo202/tricycle_camera_ws/src/tricycle_camera_pkg' returned '0': DEBUGINFOD_URLS=https://debuginfod.ubuntu.com PYTHONPATH=/home/amanah/Documents/robo202/tricycle_camera_ws/build/tricycle_camera_pkg/prefix_override:/usr/lib/python3/dist-packages/colcon_core/task/python/colcon_distutils_commands:/home/amanah/Documents/robo202/tricycle_camera_ws/install/tricycle_camera_pkg/lib/python3.12/site-packages:${PYTHONPATH} /usr/bin/python3 -W ignore:setup.py install is deprecated -W ignore:easy_install command is deprecated setup.py egg_info --egg-base ../../build/tricycle_camera_pkg build --build-base /home/amanah/Documents/robo202/tricycle_camera_ws/build/tricycle_camera_pkg/build install --record /home/amanah/Documents/robo202/tricycle_camera_ws/build/tricycle_camera_pkg/install.log --single-version-externally-managed install_data --force
