[0.111s] DEBUG:colcon:Command line arguments: ['/usr/bin/colcon', 'build']
[0.111s] DEBUG:colcon:Parsed command line arguments: Namespace(log_base=None, log_level=None, verb_name='build', build_base='build', install_base='install', merge_install=False, symlink_install=False, test_result_base=None, continue_on_error=False, executor='parallel', parallel_workers=28, event_handlers=None, ignore_user_meta=False, metas=['./colcon.meta'], base_paths=['.'], packages_ignore=None, packages_ignore_regex=None, paths=None, packages_up_to=None, packages_up_to_regex=None, packages_above=None, packages_above_and_dependencies=None, packages_above_depth=None, packages_select_by_dep=None, packages_skip_by_dep=None, packages_skip_up_to=None, packages_select_build_failed=False, packages_skip_build_finished=False, packages_select_test_failures=False, packages_skip_test_passed=False, packages_select=None, packages_skip=None, packages_select_regex=None, packages_skip_regex=None, packages_start=None, packages_end=None, cmake_args=None, cmake_target=None, cmake_target_skip_unavailable=False, cmake_clean_cache=False, cmake_clean_first=False, cmake_force_configure=False, ament_cmake_args=None, catkin_cmake_args=None, catkin_skip_building_tests=False, mixin_files=None, mixin=None, verb_parser=<colcon_mixin.mixin.mixin_argument.MixinArgumentDecorator object at 0x7142e405b160>, verb_extension=<colcon_core.verb.build.BuildVerb object at 0x7142e405ac20>, main=<bound method BuildVerb.main of <colcon_core.verb.build.BuildVerb object at 0x7142e405ac20>>, mixin_verb=('build',))
[0.235s] Level 1:colcon.colcon_core.package_discovery:discover_packages(colcon_meta) check parameters
[0.235s] INFO:colcon.colcon_metadata.package_discovery.colcon_meta:Using configuration from '/root/.colcon/metadata/default/Gazebo.meta'
[0.236s] INFO:colcon.colcon_metadata.package_discovery.colcon_meta:Using configuration from '/root/.colcon/metadata/default/fastdds.meta'
[0.236s] INFO:colcon.colcon_metadata.package_discovery.colcon_meta:Using configuration from '/root/.colcon/metadata/default/fastrtps.meta'
[0.236s] Level 1:colcon.colcon_core.package_discovery:discover_packages(recursive) check parameters
[0.236s] Level 1:colcon.colcon_core.package_discovery:discover_packages(ignore) check parameters
[0.236s] Level 1:colcon.colcon_core.package_discovery:discover_packages(path) check parameters
[0.236s] Level 1:colcon.colcon_core.package_discovery:discover_packages(colcon_meta) discover
[0.236s] Level 1:colcon.colcon_core.package_discovery:discover_packages(recursive) discover
[0.236s] INFO:colcon.colcon_core.package_discovery:Crawling recursively for packages in '/root/shared_home/Documents/robo202/tricycle_camera_ws_withoutlidar_withtricycleplugin'
[0.236s] Level 1:colcon.colcon_core.package_identification:_identify(.) by extensions ['ignore', 'ignore_ament_install']
[0.237s] Level 1:colcon.colcon_core.package_identification:_identify(.) by extension 'ignore'
[0.237s] Level 1:colcon.colcon_core.package_identification:_identify(.) by extension 'ignore_ament_install'
[0.237s] Level 1:colcon.colcon_core.package_identification:_identify(.) by extensions ['colcon_pkg']
[0.237s] Level 1:colcon.colcon_core.package_identification:_identify(.) by extension 'colcon_pkg'
[0.237s] Level 1:colcon.colcon_core.package_identification:_identify(.) by extensions ['colcon_meta']
[0.237s] Level 1:colcon.colcon_core.package_identification:_identify(.) by extension 'colcon_meta'
[0.237s] Level 1:colcon.colcon_core.package_identification:_identify(.) by extensions ['ros']
[0.237s] Level 1:colcon.colcon_core.package_identification:_identify(.) by extension 'ros'
[0.248s] Level 1:colcon.colcon_core.package_identification:_identify(.) by extensions ['cmake', 'python']
[0.248s] Level 1:colcon.colcon_core.package_identification:_identify(.) by extension 'cmake'
[0.248s] Level 1:colcon.colcon_core.package_identification:_identify(.) by extension 'python'
[0.248s] Level 1:colcon.colcon_core.package_identification:_identify(.) by extensions ['python_setup_py']
[0.248s] Level 1:colcon.colcon_core.package_identification:_identify(.) by extension 'python_setup_py'
[0.248s] Level 1:colcon.colcon_core.package_identification:_identify(build) by extensions ['ignore', 'ignore_ament_install']
[0.249s] Level 1:colcon.colcon_core.package_identification:_identify(build) by extension 'ignore'
[0.249s] Level 1:colcon.colcon_core.package_identification:_identify(build) ignored
[0.249s] Level 1:colcon.colcon_core.package_identification:_identify(install) by extensions ['ignore', 'ignore_ament_install']
[0.249s] Level 1:colcon.colcon_core.package_identification:_identify(install) by extension 'ignore'
[0.249s] Level 1:colcon.colcon_core.package_identification:_identify(install) ignored
[0.249s] Level 1:colcon.colcon_core.package_identification:_identify(log) by extensions ['ignore', 'ignore_ament_install']
[0.249s] Level 1:colcon.colcon_core.package_identification:_identify(log) by extension 'ignore'
[0.249s] Level 1:colcon.colcon_core.package_identification:_identify(log) ignored
[0.249s] Level 1:colcon.colcon_core.package_identification:_identify(tricycle_camera_ws) by extensions ['ignore', 'ignore_ament_install']
[0.249s] Level 1:colcon.colcon_core.package_identification:_identify(tricycle_camera_ws) by extension 'ignore'
[0.249s] Level 1:colcon.colcon_core.package_identification:_identify(tricycle_camera_ws) by extension 'ignore_ament_install'
[0.249s] Level 1:colcon.colcon_core.package_identification:_identify(tricycle_camera_ws) by extensions ['colcon_pkg']
[0.249s] Level 1:colcon.colcon_core.package_identification:_identify(tricycle_camera_ws) by extension 'colcon_pkg'
[0.249s] Level 1:colcon.colcon_core.package_identification:_identify(tricycle_camera_ws) by extensions ['colcon_meta']
[0.249s] Level 1:colcon.colcon_core.package_identification:_identify(tricycle_camera_ws) by extension 'colcon_meta'
[0.249s] Level 1:colcon.colcon_core.package_identification:_identify(tricycle_camera_ws) by extensions ['ros']
[0.249s] Level 1:colcon.colcon_core.package_identification:_identify(tricycle_camera_ws) by extension 'ros'
[0.249s] Level 1:colcon.colcon_core.package_identification:_identify(tricycle_camera_ws) by extensions ['cmake', 'python']
[0.249s] Level 1:colcon.colcon_core.package_identification:_identify(tricycle_camera_ws) by extension 'cmake'
[0.249s] Level 1:colcon.colcon_core.package_identification:_identify(tricycle_camera_ws) by extension 'python'
[0.250s] Level 1:colcon.colcon_core.package_identification:_identify(tricycle_camera_ws) by extensions ['python_setup_py']
[0.250s] Level 1:colcon.colcon_core.package_identification:_identify(tricycle_camera_ws) by extension 'python_setup_py'
[0.250s] Level 1:colcon.colcon_core.package_identification:_identify(tricycle_camera_ws/build) by extensions ['ignore', 'ignore_ament_install']
[0.250s] Level 1:colcon.colcon_core.package_identification:_identify(tricycle_camera_ws/build) by extension 'ignore'
[0.250s] Level 1:colcon.colcon_core.package_identification:_identify(tricycle_camera_ws/build) ignored
[0.250s] Level 1:colcon.colcon_core.package_identification:_identify(tricycle_camera_ws/install) by extensions ['ignore', 'ignore_ament_install']
[0.250s] Level 1:colcon.colcon_core.package_identification:_identify(tricycle_camera_ws/install) by extension 'ignore'
[0.250s] Level 1:colcon.colcon_core.package_identification:_identify(tricycle_camera_ws/install) ignored
[0.250s] Level 1:colcon.colcon_core.package_identification:_identify(tricycle_camera_ws/log) by extensions ['ignore', 'ignore_ament_install']
[0.250s] Level 1:colcon.colcon_core.package_identification:_identify(tricycle_camera_ws/log) by extension 'ignore'
[0.250s] Level 1:colcon.colcon_core.package_identification:_identify(tricycle_camera_ws/log) ignored
[0.250s] Level 1:colcon.colcon_core.package_identification:_identify(tricycle_camera_ws/src) by extensions ['ignore', 'ignore_ament_install']
[0.250s] Level 1:colcon.colcon_core.package_identification:_identify(tricycle_camera_ws/src) by extension 'ignore'
[0.250s] Level 1:colcon.colcon_core.package_identification:_identify(tricycle_camera_ws/src) by extension 'ignore_ament_install'
[0.250s] Level 1:colcon.colcon_core.package_identification:_identify(tricycle_camera_ws/src) by extensions ['colcon_pkg']
[0.250s] Level 1:colcon.colcon_core.package_identification:_identify(tricycle_camera_ws/src) by extension 'colcon_pkg'
[0.250s] Level 1:colcon.colcon_core.package_identification:_identify(tricycle_camera_ws/src) by extensions ['colcon_meta']
[0.250s] Level 1:colcon.colcon_core.package_identification:_identify(tricycle_camera_ws/src) by extension 'colcon_meta'
[0.250s] Level 1:colcon.colcon_core.package_identification:_identify(tricycle_camera_ws/src) by extensions ['ros']
[0.250s] Level 1:colcon.colcon_core.package_identification:_identify(tricycle_camera_ws/src) by extension 'ros'
[0.251s] Level 1:colcon.colcon_core.package_identification:_identify(tricycle_camera_ws/src) by extensions ['cmake', 'python']
[0.251s] Level 1:colcon.colcon_core.package_identification:_identify(tricycle_camera_ws/src) by extension 'cmake'
[0.251s] Level 1:colcon.colcon_core.package_identification:_identify(tricycle_camera_ws/src) by extension 'python'
[0.251s] Level 1:colcon.colcon_core.package_identification:_identify(tricycle_camera_ws/src) by extensions ['python_setup_py']
[0.251s] Level 1:colcon.colcon_core.package_identification:_identify(tricycle_camera_ws/src) by extension 'python_setup_py'
[0.251s] Level 1:colcon.colcon_core.package_identification:_identify(tricycle_camera_ws/src/tricycle_camera_pkg) by extensions ['ignore', 'ignore_ament_install']
[0.251s] Level 1:colcon.colcon_core.package_identification:_identify(tricycle_camera_ws/src/tricycle_camera_pkg) by extension 'ignore'
[0.251s] Level 1:colcon.colcon_core.package_identification:_identify(tricycle_camera_ws/src/tricycle_camera_pkg) by extension 'ignore_ament_install'
[0.251s] Level 1:colcon.colcon_core.package_identification:_identify(tricycle_camera_ws/src/tricycle_camera_pkg) by extensions ['colcon_pkg']
[0.251s] Level 1:colcon.colcon_core.package_identification:_identify(tricycle_camera_ws/src/tricycle_camera_pkg) by extension 'colcon_pkg'
[0.251s] Level 1:colcon.colcon_core.package_identification:_identify(tricycle_camera_ws/src/tricycle_camera_pkg) by extensions ['colcon_meta']
[0.251s] Level 1:colcon.colcon_core.package_identification:_identify(tricycle_camera_ws/src/tricycle_camera_pkg) by extension 'colcon_meta'
[0.251s] Level 1:colcon.colcon_core.package_identification:_identify(tricycle_camera_ws/src/tricycle_camera_pkg) by extensions ['ros']
[0.251s] Level 1:colcon.colcon_core.package_identification:_identify(tricycle_camera_ws/src/tricycle_camera_pkg) by extension 'ros'
[0.253s] DEBUG:colcon.colcon_core.package_identification:Package 'tricycle_camera_ws/src/tricycle_camera_pkg' with type 'ros.ament_python' and name 'tricycle_camera_pkg'
[0.253s] Level 1:colcon.colcon_core.package_discovery:discover_packages(recursive) using defaults
[0.253s] Level 1:colcon.colcon_core.package_discovery:discover_packages(ignore) discover
[0.254s] Level 1:colcon.colcon_core.package_discovery:discover_packages(ignore) using defaults
[0.254s] Level 1:colcon.colcon_core.package_discovery:discover_packages(path) discover
[0.254s] Level 1:colcon.colcon_core.package_discovery:discover_packages(path) using defaults
[0.273s] Level 5:colcon.colcon_core.verb:set package 'tricycle_camera_pkg' build argument 'cmake_args' from command line to 'None'
[0.273s] Level 5:colcon.colcon_core.verb:set package 'tricycle_camera_pkg' build argument 'cmake_target' from command line to 'None'
[0.273s] Level 5:colcon.colcon_core.verb:set package 'tricycle_camera_pkg' build argument 'cmake_target_skip_unavailable' from command line to 'False'
[0.273s] Level 5:colcon.colcon_core.verb:set package 'tricycle_camera_pkg' build argument 'cmake_clean_cache' from command line to 'False'
[0.273s] Level 5:colcon.colcon_core.verb:set package 'tricycle_camera_pkg' build argument 'cmake_clean_first' from command line to 'False'
[0.273s] Level 5:colcon.colcon_core.verb:set package 'tricycle_camera_pkg' build argument 'cmake_force_configure' from command line to 'False'
[0.273s] Level 5:colcon.colcon_core.verb:set package 'tricycle_camera_pkg' build argument 'ament_cmake_args' from command line to 'None'
[0.273s] Level 5:colcon.colcon_core.verb:set package 'tricycle_camera_pkg' build argument 'catkin_cmake_args' from command line to 'None'
[0.273s] Level 5:colcon.colcon_core.verb:set package 'tricycle_camera_pkg' build argument 'catkin_skip_building_tests' from command line to 'False'
[0.273s] DEBUG:colcon.colcon_core.verb:Building package 'tricycle_camera_pkg' with the following arguments: {'ament_cmake_args': None, 'build_base': '/root/shared_home/Documents/robo202/tricycle_camera_ws_withoutlidar_withtricycleplugin/build/tricycle_camera_pkg', 'catkin_cmake_args': None, 'catkin_skip_building_tests': False, 'cmake_args': None, 'cmake_clean_cache': False, 'cmake_clean_first': False, 'cmake_force_configure': False, 'cmake_target': None, 'cmake_target_skip_unavailable': False, 'install_base': '/root/shared_home/Documents/robo202/tricycle_camera_ws_withoutlidar_withtricycleplugin/install/tricycle_camera_pkg', 'merge_install': False, 'path': '/root/shared_home/Documents/robo202/tricycle_camera_ws_withoutlidar_withtricycleplugin/tricycle_camera_ws/src/tricycle_camera_pkg', 'symlink_install': False, 'test_result_base': None}
[0.273s] INFO:colcon.colcon_core.executor:Executing jobs using 'parallel' executor
[0.274s] DEBUG:colcon.colcon_parallel_executor.executor.parallel:run_until_complete
[0.275s] INFO:colcon.colcon_ros.task.ament_python.build:Building ROS package in '/root/shared_home/Documents/robo202/tricycle_camera_ws_withoutlidar_withtricycleplugin/tricycle_camera_ws/src/tricycle_camera_pkg' with build type 'ament_python'
[0.275s] Level 1:colcon.colcon_core.shell:create_environment_hook('tricycle_camera_pkg', 'ament_prefix_path')
[0.277s] INFO:colcon.colcon_core.plugin_system:Skipping extension 'colcon_core.shell.bat': Not used on non-Windows systems
[0.277s] INFO:colcon.colcon_core.shell:Creating environment hook '/root/shared_home/Documents/robo202/tricycle_camera_ws_withoutlidar_withtricycleplugin/install/tricycle_camera_pkg/share/tricycle_camera_pkg/hook/ament_prefix_path.ps1'
[0.278s] INFO:colcon.colcon_core.shell:Creating environment descriptor '/root/shared_home/Documents/robo202/tricycle_camera_ws_withoutlidar_withtricycleplugin/install/tricycle_camera_pkg/share/tricycle_camera_pkg/hook/ament_prefix_path.dsv'
[0.278s] INFO:colcon.colcon_core.shell:Creating environment hook '/root/shared_home/Documents/robo202/tricycle_camera_ws_withoutlidar_withtricycleplugin/install/tricycle_camera_pkg/share/tricycle_camera_pkg/hook/ament_prefix_path.sh'
[0.279s] INFO:colcon.colcon_core.shell:Skip shell extension 'powershell' for command environment: Not usable outside of PowerShell
[0.279s] DEBUG:colcon.colcon_core.shell:Skip shell extension 'dsv' for command environment
[0.517s] INFO:colcon.colcon_core.task.python.build:Building Python package in '/root/shared_home/Documents/robo202/tricycle_camera_ws_withoutlidar_withtricycleplugin/tricycle_camera_ws/src/tricycle_camera_pkg'
[0.517s] INFO:colcon.colcon_core.shell:Skip shell extension 'powershell' for command environment: Not usable outside of PowerShell
[0.517s] DEBUG:colcon.colcon_core.shell:Skip shell extension 'dsv' for command environment
[0.803s] DEBUG:colcon.colcon_core.event_handler.log_command:Invoking command in '/root/shared_home/Documents/robo202/tricycle_camera_ws_withoutlidar_withtricycleplugin/tricycle_camera_ws/src/tricycle_camera_pkg': PYTHONPATH=/root/shared_home/Documents/robo202/tricycle_camera_ws_withoutlidar_withtricycleplugin/build/tricycle_camera_pkg/prefix_override:/usr/lib/python3/dist-packages/colcon_core/task/python/colcon_distutils_commands:/root/shared_home/Documents/robo202/tricycle_camera_ws_withoutlidar_withtricycleplugin/install/tricycle_camera_pkg/lib/python3.10/site-packages:${PYTHONPATH} /usr/bin/python3 -W ignore:setup.py install is deprecated -W ignore:easy_install command is deprecated setup.py egg_info --egg-base ../../../build/tricycle_camera_pkg build --build-base /root/shared_home/Documents/robo202/tricycle_camera_ws_withoutlidar_withtricycleplugin/build/tricycle_camera_pkg/build install --record /root/shared_home/Documents/robo202/tricycle_camera_ws_withoutlidar_withtricycleplugin/build/tricycle_camera_pkg/install.log --single-version-externally-managed install_data
[1.039s] DEBUG:colcon.colcon_core.event_handler.log_command:Invoked command in '/root/shared_home/Documents/robo202/tricycle_camera_ws_withoutlidar_withtricycleplugin/tricycle_camera_ws/src/tricycle_camera_pkg' returned '0': PYTHONPATH=/root/shared_home/Documents/robo202/tricycle_camera_ws_withoutlidar_withtricycleplugin/build/tricycle_camera_pkg/prefix_override:/usr/lib/python3/dist-packages/colcon_core/task/python/colcon_distutils_commands:/root/shared_home/Documents/robo202/tricycle_camera_ws_withoutlidar_withtricycleplugin/install/tricycle_camera_pkg/lib/python3.10/site-packages:${PYTHONPATH} /usr/bin/python3 -W ignore:setup.py install is deprecated -W ignore:easy_install command is deprecated setup.py egg_info --egg-base ../../../build/tricycle_camera_pkg build --build-base /root/shared_home/Documents/robo202/tricycle_camera_ws_withoutlidar_withtricycleplugin/build/tricycle_camera_pkg/build install --record /root/shared_home/Documents/robo202/tricycle_camera_ws_withoutlidar_withtricycleplugin/build/tricycle_camera_pkg/install.log --single-version-externally-managed install_data
[1.041s] Level 1:colcon.colcon_core.environment:checking '/root/shared_home/Documents/robo202/tricycle_camera_ws_withoutlidar_withtricycleplugin/install/tricycle_camera_pkg' for CMake module files
[1.041s] Level 1:colcon.colcon_core.environment:checking '/root/shared_home/Documents/robo202/tricycle_camera_ws_withoutlidar_withtricycleplugin/install/tricycle_camera_pkg' for CMake config files
[1.042s] Level 1:colcon.colcon_core.environment:checking '/root/shared_home/Documents/robo202/tricycle_camera_ws_withoutlidar_withtricycleplugin/install/tricycle_camera_pkg/lib'
[1.042s] Level 1:colcon.colcon_core.environment:checking '/root/shared_home/Documents/robo202/tricycle_camera_ws_withoutlidar_withtricycleplugin/install/tricycle_camera_pkg/bin'
[1.042s] Level 1:colcon.colcon_core.environment:checking '/root/shared_home/Documents/robo202/tricycle_camera_ws_withoutlidar_withtricycleplugin/install/tricycle_camera_pkg/lib/pkgconfig/tricycle_camera_pkg.pc'
[1.042s] Level 1:colcon.colcon_core.environment:checking '/root/shared_home/Documents/robo202/tricycle_camera_ws_withoutlidar_withtricycleplugin/install/tricycle_camera_pkg/lib/python3.10/site-packages'
[1.042s] Level 1:colcon.colcon_core.shell:create_environment_hook('tricycle_camera_pkg', 'pythonpath')
[1.043s] INFO:colcon.colcon_core.shell:Creating environment hook '/root/shared_home/Documents/robo202/tricycle_camera_ws_withoutlidar_withtricycleplugin/install/tricycle_camera_pkg/share/tricycle_camera_pkg/hook/pythonpath.ps1'
[1.043s] INFO:colcon.colcon_core.shell:Creating environment descriptor '/root/shared_home/Documents/robo202/tricycle_camera_ws_withoutlidar_withtricycleplugin/install/tricycle_camera_pkg/share/tricycle_camera_pkg/hook/pythonpath.dsv'
[1.043s] INFO:colcon.colcon_core.shell:Creating environment hook '/root/shared_home/Documents/robo202/tricycle_camera_ws_withoutlidar_withtricycleplugin/install/tricycle_camera_pkg/share/tricycle_camera_pkg/hook/pythonpath.sh'
[1.044s] Level 1:colcon.colcon_core.environment:checking '/root/shared_home/Documents/robo202/tricycle_camera_ws_withoutlidar_withtricycleplugin/install/tricycle_camera_pkg/bin'
[1.044s] Level 1:colcon.colcon_core.environment:create_environment_scripts_only(tricycle_camera_pkg)
[1.044s] INFO:colcon.colcon_core.shell:Creating package script '/root/shared_home/Documents/robo202/tricycle_camera_ws_withoutlidar_withtricycleplugin/install/tricycle_camera_pkg/share/tricycle_camera_pkg/package.ps1'
[1.045s] INFO:colcon.colcon_core.shell:Creating package descriptor '/root/shared_home/Documents/robo202/tricycle_camera_ws_withoutlidar_withtricycleplugin/install/tricycle_camera_pkg/share/tricycle_camera_pkg/package.dsv'
[1.045s] INFO:colcon.colcon_core.shell:Creating package script '/root/shared_home/Documents/robo202/tricycle_camera_ws_withoutlidar_withtricycleplugin/install/tricycle_camera_pkg/share/tricycle_camera_pkg/package.sh'
[1.046s] INFO:colcon.colcon_core.shell:Creating package script '/root/shared_home/Documents/robo202/tricycle_camera_ws_withoutlidar_withtricycleplugin/install/tricycle_camera_pkg/share/tricycle_camera_pkg/package.bash'
[1.047s] INFO:colcon.colcon_core.shell:Creating package script '/root/shared_home/Documents/robo202/tricycle_camera_ws_withoutlidar_withtricycleplugin/install/tricycle_camera_pkg/share/tricycle_camera_pkg/package.zsh'
[1.047s] Level 1:colcon.colcon_core.environment:create_file_with_runtime_dependencies(/root/shared_home/Documents/robo202/tricycle_camera_ws_withoutlidar_withtricycleplugin/install/tricycle_camera_pkg/share/colcon-core/packages/tricycle_camera_pkg)
[1.047s] DEBUG:colcon.colcon_parallel_executor.executor.parallel:closing loop
[1.048s] DEBUG:colcon.colcon_parallel_executor.executor.parallel:loop closed
[1.048s] DEBUG:colcon.colcon_parallel_executor.executor.parallel:run_until_complete finished with '0'
[1.048s] DEBUG:colcon.colcon_core.event_reactor:joining thread
[1.053s] INFO:colcon.colcon_core.plugin_system:Skipping extension 'colcon_notification.desktop_notification.notify_send': Could not find 'notify-send'
[1.053s] INFO:colcon.colcon_core.plugin_system:Skipping extension 'colcon_notification.desktop_notification.terminal_notifier': Not used on non-Darwin systems
[1.053s] INFO:colcon.colcon_core.plugin_system:Skipping extension 'colcon_notification.desktop_notification.win32': Not used on non-Windows systems
[1.053s] INFO:colcon.colcon_notification.desktop_notification:Sending desktop notification using 'notify2'
[1.056s] DEBUG:colcon.colcon_notification.desktop_notification.notify2:Failed to initialize notify2: org.freedesktop.DBus.Error.Spawn.ExecFailed: /usr/bin/dbus-launch terminated abnormally without any error message
[1.056s] DEBUG:colcon.colcon_core.event_reactor:joined thread
[1.057s] INFO:colcon.colcon_core.shell:Creating prefix script '/root/shared_home/Documents/robo202/tricycle_camera_ws_withoutlidar_withtricycleplugin/install/local_setup.ps1'
[1.060s] INFO:colcon.colcon_core.shell:Creating prefix util module '/root/shared_home/Documents/robo202/tricycle_camera_ws_withoutlidar_withtricycleplugin/install/_local_setup_util_ps1.py'
[1.061s] INFO:colcon.colcon_core.shell:Creating prefix chain script '/root/shared_home/Documents/robo202/tricycle_camera_ws_withoutlidar_withtricycleplugin/install/setup.ps1'
[1.062s] INFO:colcon.colcon_core.shell:Creating prefix script '/root/shared_home/Documents/robo202/tricycle_camera_ws_withoutlidar_withtricycleplugin/install/local_setup.sh'
[1.062s] INFO:colcon.colcon_core.shell:Creating prefix util module '/root/shared_home/Documents/robo202/tricycle_camera_ws_withoutlidar_withtricycleplugin/install/_local_setup_util_sh.py'
[1.063s] INFO:colcon.colcon_core.shell:Creating prefix chain script '/root/shared_home/Documents/robo202/tricycle_camera_ws_withoutlidar_withtricycleplugin/install/setup.sh'
[1.064s] INFO:colcon.colcon_core.shell:Creating prefix script '/root/shared_home/Documents/robo202/tricycle_camera_ws_withoutlidar_withtricycleplugin/install/local_setup.bash'
[1.064s] INFO:colcon.colcon_core.shell:Creating prefix chain script '/root/shared_home/Documents/robo202/tricycle_camera_ws_withoutlidar_withtricycleplugin/install/setup.bash'
[1.065s] INFO:colcon.colcon_core.shell:Creating prefix script '/root/shared_home/Documents/robo202/tricycle_camera_ws_withoutlidar_withtricycleplugin/install/local_setup.zsh'
[1.065s] INFO:colcon.colcon_core.shell:Creating prefix chain script '/root/shared_home/Documents/robo202/tricycle_camera_ws_withoutlidar_withtricycleplugin/install/setup.zsh'
