[2.550s] Invoking command in '/home/amanah/Documents/robo202/tricycle_camera_ws/src/tricycle_camera_pkg': DEBUGINFOD_URLS=https://debuginfod.ubuntu.com PYTHONPATH=/home/amanah/Documents/robo202/tricycle_camera_ws/build/tricycle_camera_pkg/prefix_override:/usr/lib/python3/dist-packages/colcon_core/task/python/colcon_distutils_commands:/home/amanah/Documents/robo202/tricycle_camera_ws/install/tricycle_camera_pkg/lib/python3.12/site-packages:${PYTHONPATH} /usr/bin/python3 -W ignore:setup.py install is deprecated -W ignore:easy_install command is deprecated setup.py egg_info --egg-base ../../build/tricycle_camera_pkg build --build-base /home/amanah/Documents/robo202/tricycle_camera_ws/build/tricycle_camera_pkg/build install --record /home/amanah/Documents/robo202/tricycle_camera_ws/build/tricycle_camera_pkg/install.log --single-version-externally-managed install_data
[3.420s] running egg_info
[3.477s] writing ../../build/tricycle_camera_pkg/tricycle_camera_pkg.egg-info/PKG-INFO
[3.478s] writing dependency_links to ../../build/tricycle_camera_pkg/tricycle_camera_pkg.egg-info/dependency_links.txt
[3.479s] writing entry points to ../../build/tricycle_camera_pkg/tricycle_camera_pkg.egg-info/entry_points.txt
[3.479s] writing requirements to ../../build/tricycle_camera_pkg/tricycle_camera_pkg.egg-info/requires.txt
[3.480s] writing top-level names to ../../build/tricycle_camera_pkg/tricycle_camera_pkg.egg-info/top_level.txt
[3.599s] reading manifest file '../../build/tricycle_camera_pkg/tricycle_camera_pkg.egg-info/SOURCES.txt'
[3.602s] writing manifest file '../../build/tricycle_camera_pkg/tricycle_camera_pkg.egg-info/SOURCES.txt'
[3.603s] running build
[3.603s] running build_py
[3.603s] copying tricycle_camera_pkg/image_capture.py -> /home/amanah/Documents/robo202/tricycle_camera_ws/build/tricycle_camera_pkg/build/lib/tricycle_camera_pkg
[3.604s] running install
[3.627s] running install_lib
[3.692s] copying /home/amanah/Documents/robo202/tricycle_camera_ws/build/tricycle_camera_pkg/build/lib/tricycle_camera_pkg/image_capture.py -> /home/amanah/Documents/robo202/tricycle_camera_ws/install/tricycle_camera_pkg/lib/python3.12/site-packages/tricycle_camera_pkg
[3.694s] byte-compiling /home/amanah/Documents/robo202/tricycle_camera_ws/install/tricycle_camera_pkg/lib/python3.12/site-packages/tricycle_camera_pkg/image_capture.py to image_capture.cpython-312.pyc
[3.697s] running install_data
[3.697s] running install_egg_info
[3.760s] removing '/home/amanah/Documents/robo202/tricycle_camera_ws/install/tricycle_camera_pkg/lib/python3.12/site-packages/tricycle_camera_pkg-0.0.0-py3.12.egg-info' (and everything under it)
[3.761s] Copying ../../build/tricycle_camera_pkg/tricycle_camera_pkg.egg-info to /home/amanah/Documents/robo202/tricycle_camera_ws/install/tricycle_camera_pkg/lib/python3.12/site-packages/tricycle_camera_pkg-0.0.0-py3.12.egg-info
[3.766s] running install_scripts
[4.167s] Installing image_capture script to /home/amanah/Documents/robo202/tricycle_camera_ws/install/tricycle_camera_pkg/lib/tricycle_camera_pkg
[4.168s] writing list of installed files to '/home/amanah/Documents/robo202/tricycle_camera_ws/build/tricycle_camera_pkg/install.log'
[4.239s] Invoked command in '/home/amanah/Documents/robo202/tricycle_camera_ws/src/tricycle_camera_pkg' returned '0': DEBUGINFOD_URLS=https://debuginfod.ubuntu.com PYTHONPATH=/home/amanah/Documents/robo202/tricycle_camera_ws/build/tricycle_camera_pkg/prefix_override:/usr/lib/python3/dist-packages/colcon_core/task/python/colcon_distutils_commands:/home/amanah/Documents/robo202/tricycle_camera_ws/install/tricycle_camera_pkg/lib/python3.12/site-packages:${PYTHONPATH} /usr/bin/python3 -W ignore:setup.py install is deprecated -W ignore:easy_install command is deprecated setup.py egg_info --egg-base ../../build/tricycle_camera_pkg build --build-base /home/amanah/Documents/robo202/tricycle_camera_ws/build/tricycle_camera_pkg/build install --record /home/amanah/Documents/robo202/tricycle_camera_ws/build/tricycle_camera_pkg/install.log --single-version-externally-managed install_data
