[0.528s] Invoking command in '/root/shared_home/Documents/robo202/tricycle_camera_ws_withoutlidar_withtricycleplugin/tricycle_camera_ws/src/tricycle_camera_pkg': PYTHONPATH=/root/shared_home/Documents/robo202/tricycle_camera_ws_withoutlidar_withtricycleplugin/build/tricycle_camera_pkg/prefix_override:/usr/lib/python3/dist-packages/colcon_core/task/python/colcon_distutils_commands:/root/shared_home/Documents/robo202/tricycle_camera_ws_withoutlidar_withtricycleplugin/install/tricycle_camera_pkg/lib/python3.10/site-packages:${PYTHONPATH} /usr/bin/python3 -W ignore:setup.py install is deprecated -W ignore:easy_install command is deprecated setup.py egg_info --egg-base ../../../build/tricycle_camera_pkg build --build-base /root/shared_home/Documents/robo202/tricycle_camera_ws_withoutlidar_withtricycleplugin/build/tricycle_camera_pkg/build install --record /root/shared_home/Documents/robo202/tricycle_camera_ws_withoutlidar_withtricycleplugin/build/tricycle_camera_pkg/install.log --single-version-externally-managed install_data
[0.715s] running egg_info
[0.716s] creating ../../../build/tricycle_camera_pkg/tricycle_camera_pkg.egg-info
[0.716s] writing ../../../build/tricycle_camera_pkg/tricycle_camera_pkg.egg-info/PKG-INFO
[0.716s] writing dependency_links to ../../../build/tricycle_camera_pkg/tricycle_camera_pkg.egg-info/dependency_links.txt
[0.716s] writing entry points to ../../../build/tricycle_camera_pkg/tricycle_camera_pkg.egg-info/entry_points.txt
[0.716s] writing requirements to ../../../build/tricycle_camera_pkg/tricycle_camera_pkg.egg-info/requires.txt
[0.717s] writing top-level names to ../../../build/tricycle_camera_pkg/tricycle_camera_pkg.egg-info/top_level.txt
[0.717s] writing manifest file '../../../build/tricycle_camera_pkg/tricycle_camera_pkg.egg-info/SOURCES.txt'
[0.718s] reading manifest file '../../../build/tricycle_camera_pkg/tricycle_camera_pkg.egg-info/SOURCES.txt'
[0.719s] writing manifest file '../../../build/tricycle_camera_pkg/tricycle_camera_pkg.egg-info/SOURCES.txt'
[0.719s] running build
[0.719s] running build_py
[0.719s] creating /root/shared_home/Documents/robo202/tricycle_camera_ws_withoutlidar_withtricycleplugin/build/tricycle_camera_pkg/build
[0.719s] creating /root/shared_home/Documents/robo202/tricycle_camera_ws_withoutlidar_withtricycleplugin/build/tricycle_camera_pkg/build/lib
[0.719s] creating /root/shared_home/Documents/robo202/tricycle_camera_ws_withoutlidar_withtricycleplugin/build/tricycle_camera_pkg/build/lib/tricycle_camera_pkg
[0.719s] copying tricycle_camera_pkg/__init__.py -> /root/shared_home/Documents/robo202/tricycle_camera_ws_withoutlidar_withtricycleplugin/build/tricycle_camera_pkg/build/lib/tricycle_camera_pkg
[0.719s] copying tricycle_camera_pkg/image_capture.py -> /root/shared_home/Documents/robo202/tricycle_camera_ws_withoutlidar_withtricycleplugin/build/tricycle_camera_pkg/build/lib/tricycle_camera_pkg
[0.719s] running install
[0.719s] running install_lib
[0.720s] creating /root/shared_home/Documents/robo202/tricycle_camera_ws_withoutlidar_withtricycleplugin/install/tricycle_camera_pkg/lib/python3.10/site-packages/tricycle_camera_pkg
[0.720s] copying /root/shared_home/Documents/robo202/tricycle_camera_ws_withoutlidar_withtricycleplugin/build/tricycle_camera_pkg/build/lib/tricycle_camera_pkg/__init__.py -> /root/shared_home/Documents/robo202/tricycle_camera_ws_withoutlidar_withtricycleplugin/install/tricycle_camera_pkg/lib/python3.10/site-packages/tricycle_camera_pkg
[0.720s] copying /root/shared_home/Documents/robo202/tricycle_camera_ws_withoutlidar_withtricycleplugin/build/tricycle_camera_pkg/build/lib/tricycle_camera_pkg/image_capture.py -> /root/shared_home/Documents/robo202/tricycle_camera_ws_withoutlidar_withtricycleplugin/install/tricycle_camera_pkg/lib/python3.10/site-packages/tricycle_camera_pkg
[0.721s] byte-compiling /root/shared_home/Documents/robo202/tricycle_camera_ws_withoutlidar_withtricycleplugin/install/tricycle_camera_pkg/lib/python3.10/site-packages/tricycle_camera_pkg/__init__.py to __init__.cpython-310.pyc
[0.721s] byte-compiling /root/shared_home/Documents/robo202/tricycle_camera_ws_withoutlidar_withtricycleplugin/install/tricycle_camera_pkg/lib/python3.10/site-packages/tricycle_camera_pkg/image_capture.py to image_capture.cpython-310.pyc
[0.721s] running install_data
[0.721s] creating /root/shared_home/Documents/robo202/tricycle_camera_ws_withoutlidar_withtricycleplugin/install/tricycle_camera_pkg/share/ament_index
[0.721s] creating /root/shared_home/Documents/robo202/tricycle_camera_ws_withoutlidar_withtricycleplugin/install/tricycle_camera_pkg/share/ament_index/resource_index
[0.721s] creating /root/shared_home/Documents/robo202/tricycle_camera_ws_withoutlidar_withtricycleplugin/install/tricycle_camera_pkg/share/ament_index/resource_index/packages
[0.721s] copying resource/tricycle_camera_pkg -> /root/shared_home/Documents/robo202/tricycle_camera_ws_withoutlidar_withtricycleplugin/install/tricycle_camera_pkg/share/ament_index/resource_index/packages
[0.721s] copying package.xml -> /root/shared_home/Documents/robo202/tricycle_camera_ws_withoutlidar_withtricycleplugin/install/tricycle_camera_pkg/share/tricycle_camera_pkg
[0.722s] creating /root/shared_home/Documents/robo202/tricycle_camera_ws_withoutlidar_withtricycleplugin/install/tricycle_camera_pkg/share/tricycle_camera_pkg/launch
[0.722s] copying launch/simulation.launch.py -> /root/shared_home/Documents/robo202/tricycle_camera_ws_withoutlidar_withtricycleplugin/install/tricycle_camera_pkg/share/tricycle_camera_pkg/launch
[0.722s] creating /root/shared_home/Documents/robo202/tricycle_camera_ws_withoutlidar_withtricycleplugin/install/tricycle_camera_pkg/share/tricycle_camera_pkg/urdf
[0.722s] copying urdf/tricycle.urdf -> /root/shared_home/Documents/robo202/tricycle_camera_ws_withoutlidar_withtricycleplugin/install/tricycle_camera_pkg/share/tricycle_camera_pkg/urdf
[0.722s] copying urdf/obstacles.urdf -> /root/shared_home/Documents/robo202/tricycle_camera_ws_withoutlidar_withtricycleplugin/install/tricycle_camera_pkg/share/tricycle_camera_pkg/urdf
[0.722s] copying urdf/obstacles.sdf -> /root/shared_home/Documents/robo202/tricycle_camera_ws_withoutlidar_withtricycleplugin/install/tricycle_camera_pkg/share/tricycle_camera_pkg/urdf
[0.722s] copying urdf/tricycle.sdf -> /root/shared_home/Documents/robo202/tricycle_camera_ws_withoutlidar_withtricycleplugin/install/tricycle_camera_pkg/share/tricycle_camera_pkg/urdf
[0.722s] creating /root/shared_home/Documents/robo202/tricycle_camera_ws_withoutlidar_withtricycleplugin/install/tricycle_camera_pkg/share/tricycle_camera_pkg/worlds
[0.722s] running install_egg_info
[0.724s] Copying ../../../build/tricycle_camera_pkg/tricycle_camera_pkg.egg-info to /root/shared_home/Documents/robo202/tricycle_camera_ws_withoutlidar_withtricycleplugin/install/tricycle_camera_pkg/lib/python3.10/site-packages/tricycle_camera_pkg-0.0.0-py3.10.egg-info
[0.724s] running install_scripts
[0.744s] Installing image_capture script to /root/shared_home/Documents/robo202/tricycle_camera_ws_withoutlidar_withtricycleplugin/install/tricycle_camera_pkg/lib/tricycle_camera_pkg
[0.745s] writing list of installed files to '/root/shared_home/Documents/robo202/tricycle_camera_ws_withoutlidar_withtricycleplugin/build/tricycle_camera_pkg/install.log'
[0.763s] Invoked command in '/root/shared_home/Documents/robo202/tricycle_camera_ws_withoutlidar_withtricycleplugin/tricycle_camera_ws/src/tricycle_camera_pkg' returned '0': PYTHONPATH=/root/shared_home/Documents/robo202/tricycle_camera_ws_withoutlidar_withtricycleplugin/build/tricycle_camera_pkg/prefix_override:/usr/lib/python3/dist-packages/colcon_core/task/python/colcon_distutils_commands:/root/shared_home/Documents/robo202/tricycle_camera_ws_withoutlidar_withtricycleplugin/install/tricycle_camera_pkg/lib/python3.10/site-packages:${PYTHONPATH} /usr/bin/python3 -W ignore:setup.py install is deprecated -W ignore:easy_install command is deprecated setup.py egg_info --egg-base ../../../build/tricycle_camera_pkg build --build-base /root/shared_home/Documents/robo202/tricycle_camera_ws_withoutlidar_withtricycleplugin/build/tricycle_camera_pkg/build install --record /root/shared_home/Documents/robo202/tricycle_camera_ws_withoutlidar_withtricycleplugin/build/tricycle_camera_pkg/install.log --single-version-externally-managed install_data
