running egg_info
writing ../../build/tricycle_camera_pkg/tricycle_camera_pkg.egg-info/PKG-INFO
writing dependency_links to ../../build/tricycle_camera_pkg/tricycle_camera_pkg.egg-info/dependency_links.txt
writing entry points to ../../build/tricycle_camera_pkg/tricycle_camera_pkg.egg-info/entry_points.txt
writing requirements to ../../build/tricycle_camera_pkg/tricycle_camera_pkg.egg-info/requires.txt
writing top-level names to ../../build/tricycle_camera_pkg/tricycle_camera_pkg.egg-info/top_level.txt
reading manifest file '../../build/tricycle_camera_pkg/tricycle_camera_pkg.egg-info/SOURCES.txt'
writing manifest file '../../build/tricycle_camera_pkg/tricycle_camera_pkg.egg-info/SOURCES.txt'
running build
running build_py
running install
running install_lib
running install_data
copying launch/simulation.launch.py -> /workspace/install/tricycle_camera_pkg/share/tricycle_camera_pkg/launch
running install_egg_info
removing '/workspace/install/tricycle_camera_pkg/lib/python3.10/site-packages/tricycle_camera_pkg-0.0.0-py3.10.egg-info' (and everything under it)
Copying ../../build/tricycle_camera_pkg/tricycle_camera_pkg.egg-info to /workspace/install/tricycle_camera_pkg/lib/python3.10/site-packages/tricycle_camera_pkg-0.0.0-py3.10.egg-info
running install_scripts
Installing image_capture script to /workspace/install/tricycle_camera_pkg/lib/tricycle_camera_pkg
writing list of installed files to '/workspace/build/tricycle_camera_pkg/install.log'
