[0.698s] Invoking command in '/workspace/src/tricycle_camera_pkg': PYTHONPATH=/workspace/build/tricycle_camera_pkg/prefix_override:/usr/lib/python3/dist-packages/colcon_core/task/python/colcon_distutils_commands:/workspace/install/tricycle_camera_pkg/lib/python3.10/site-packages:${PYTHONPATH} /usr/bin/python3 -W ignore:setup.py install is deprecated -W ignore:easy_install command is deprecated setup.py egg_info --egg-base ../../build/tricycle_camera_pkg build --build-base /workspace/build/tricycle_camera_pkg/build install --record /workspace/build/tricycle_camera_pkg/install.log --single-version-externally-managed install_data
[0.942s] running egg_info
[0.943s] writing ../../build/tricycle_camera_pkg/tricycle_camera_pkg.egg-info/PKG-INFO
[0.944s] writing dependency_links to ../../build/tricycle_camera_pkg/tricycle_camera_pkg.egg-info/dependency_links.txt
[0.944s] writing entry points to ../../build/tricycle_camera_pkg/tricycle_camera_pkg.egg-info/entry_points.txt
[0.944s] writing requirements to ../../build/tricycle_camera_pkg/tricycle_camera_pkg.egg-info/requires.txt
[0.944s] writing top-level names to ../../build/tricycle_camera_pkg/tricycle_camera_pkg.egg-info/top_level.txt
[0.945s] reading manifest file '../../build/tricycle_camera_pkg/tricycle_camera_pkg.egg-info/SOURCES.txt'
[0.949s] writing manifest file '../../build/tricycle_camera_pkg/tricycle_camera_pkg.egg-info/SOURCES.txt'
[0.949s] running build
[0.949s] running build_py
[0.949s] running install
[0.950s] running install_lib
[0.951s] running install_data
[0.951s] copying launch/simulation.launch.py -> /workspace/install/tricycle_camera_pkg/share/tricycle_camera_pkg/launch
[0.951s] running install_egg_info
[0.953s] removing '/workspace/install/tricycle_camera_pkg/lib/python3.10/site-packages/tricycle_camera_pkg-0.0.0-py3.10.egg-info' (and everything under it)
[0.954s] Copying ../../build/tricycle_camera_pkg/tricycle_camera_pkg.egg-info to /workspace/install/tricycle_camera_pkg/lib/python3.10/site-packages/tricycle_camera_pkg-0.0.0-py3.10.egg-info
[0.955s] running install_scripts
[0.977s] Installing image_capture script to /workspace/install/tricycle_camera_pkg/lib/tricycle_camera_pkg
[0.978s] writing list of installed files to '/workspace/build/tricycle_camera_pkg/install.log'
[0.997s] Invoked command in '/workspace/src/tricycle_camera_pkg' returned '0': PYTHONPATH=/workspace/build/tricycle_camera_pkg/prefix_override:/usr/lib/python3/dist-packages/colcon_core/task/python/colcon_distutils_commands:/workspace/install/tricycle_camera_pkg/lib/python3.10/site-packages:${PYTHONPATH} /usr/bin/python3 -W ignore:setup.py install is deprecated -W ignore:easy_install command is deprecated setup.py egg_info --egg-base ../../build/tricycle_camera_pkg build --build-base /workspace/build/tricycle_camera_pkg/build install --record /workspace/build/tricycle_camera_pkg/install.log --single-version-externally-managed install_data
