[0.905s] Invoking command in '/root/shared_home/Documents/robo202/tricycle_camera_ws/src/tricycle_camera_pkg': PYTHONPATH=/root/shared_home/Documents/robo202/tricycle_camera_ws/build/tricycle_camera_pkg/prefix_override:/usr/lib/python3/dist-packages/colcon_core/task/python/colcon_distutils_commands:/root/shared_home/Documents/robo202/tricycle_camera_ws/install/tricycle_camera_pkg/lib/python3.10/site-packages:${PYTHONPATH} /usr/bin/python3 -W ignore:setup.py install is deprecated -W ignore:easy_install command is deprecated setup.py egg_info --egg-base ../../build/tricycle_camera_pkg build --build-base /root/shared_home/Documents/robo202/tricycle_camera_ws/build/tricycle_camera_pkg/build install --record /root/shared_home/Documents/robo202/tricycle_camera_ws/build/tricycle_camera_pkg/install.log --single-version-externally-managed install_data
[1.240s] running egg_info
[1.241s] writing ../../build/tricycle_camera_pkg/tricycle_camera_pkg.egg-info/PKG-INFO
[1.241s] writing dependency_links to ../../build/tricycle_camera_pkg/tricycle_camera_pkg.egg-info/dependency_links.txt
[1.241s] writing entry points to ../../build/tricycle_camera_pkg/tricycle_camera_pkg.egg-info/entry_points.txt
[1.241s] writing requirements to ../../build/tricycle_camera_pkg/tricycle_camera_pkg.egg-info/requires.txt
[1.241s] writing top-level names to ../../build/tricycle_camera_pkg/tricycle_camera_pkg.egg-info/top_level.txt
[1.243s] reading manifest file '../../build/tricycle_camera_pkg/tricycle_camera_pkg.egg-info/SOURCES.txt'
[1.246s] writing manifest file '../../build/tricycle_camera_pkg/tricycle_camera_pkg.egg-info/SOURCES.txt'
[1.247s] running build
[1.247s] running build_py
[1.247s] running install
[1.247s] running install_lib
[1.250s] running install_data
[1.251s] copying urdf/tricycle.urdf -> /root/shared_home/Documents/robo202/tricycle_camera_ws/install/tricycle_camera_pkg/share/tricycle_camera_pkg/urdf
[1.252s] running install_egg_info
[1.255s] removing '/root/shared_home/Documents/robo202/tricycle_camera_ws/install/tricycle_camera_pkg/lib/python3.10/site-packages/tricycle_camera_pkg-0.0.0-py3.10.egg-info' (and everything under it)
[1.255s] Copying ../../build/tricycle_camera_pkg/tricycle_camera_pkg.egg-info to /root/shared_home/Documents/robo202/tricycle_camera_ws/install/tricycle_camera_pkg/lib/python3.10/site-packages/tricycle_camera_pkg-0.0.0-py3.10.egg-info
[1.256s] running install_scripts
[1.289s] Installing image_capture script to /root/shared_home/Documents/robo202/tricycle_camera_ws/install/tricycle_camera_pkg/lib/tricycle_camera_pkg
[1.289s] writing list of installed files to '/root/shared_home/Documents/robo202/tricycle_camera_ws/build/tricycle_camera_pkg/install.log'
[1.322s] Invoked command in '/root/shared_home/Documents/robo202/tricycle_camera_ws/src/tricycle_camera_pkg' returned '0': PYTHONPATH=/root/shared_home/Documents/robo202/tricycle_camera_ws/build/tricycle_camera_pkg/prefix_override:/usr/lib/python3/dist-packages/colcon_core/task/python/colcon_distutils_commands:/root/shared_home/Documents/robo202/tricycle_camera_ws/install/tricycle_camera_pkg/lib/python3.10/site-packages:${PYTHONPATH} /usr/bin/python3 -W ignore:setup.py install is deprecated -W ignore:easy_install command is deprecated setup.py egg_info --egg-base ../../build/tricycle_camera_pkg build --build-base /root/shared_home/Documents/robo202/tricycle_camera_ws/build/tricycle_camera_pkg/build install --record /root/shared_home/Documents/robo202/tricycle_camera_ws/build/tricycle_camera_pkg/install.log --single-version-externally-managed install_data
