[2.112s] Invoking command in '/home/amanah/Documents/robo202/tricycle_camera_ws/src/tricycle_camera_pkg': DEBUGINFOD_URLS=https://debuginfod.ubuntu.com PYTHONPATH=/home/amanah/Documents/robo202/tricycle_camera_ws/build/tricycle_camera_pkg/prefix_override:/usr/lib/python3/dist-packages/colcon_core/task/python/colcon_distutils_commands:/home/amanah/Documents/robo202/tricycle_camera_ws/install/tricycle_camera_pkg/lib/python3.12/site-packages:${PYTHONPATH} /usr/bin/python3 -W ignore:setup.py install is deprecated -W ignore:easy_install command is deprecated setup.py egg_info --egg-base ../../build/tricycle_camera_pkg build --build-base /home/amanah/Documents/robo202/tricycle_camera_ws/build/tricycle_camera_pkg/build install --record /home/amanah/Documents/robo202/tricycle_camera_ws/build/tricycle_camera_pkg/install.log --single-version-externally-managed install_data
[2.770s] running egg_info
[2.814s] writing ../../build/tricycle_camera_pkg/tricycle_camera_pkg.egg-info/PKG-INFO
[2.814s] writing dependency_links to ../../build/tricycle_camera_pkg/tricycle_camera_pkg.egg-info/dependency_links.txt
[2.815s] writing entry points to ../../build/tricycle_camera_pkg/tricycle_camera_pkg.egg-info/entry_points.txt
[2.815s] writing requirements to ../../build/tricycle_camera_pkg/tricycle_camera_pkg.egg-info/requires.txt
[2.815s] writing top-level names to ../../build/tricycle_camera_pkg/tricycle_camera_pkg.egg-info/top_level.txt
[2.905s] reading manifest file '../../build/tricycle_camera_pkg/tricycle_camera_pkg.egg-info/SOURCES.txt'
[2.910s] writing manifest file '../../build/tricycle_camera_pkg/tricycle_camera_pkg.egg-info/SOURCES.txt'
[2.911s] running build
[2.911s] running build_py
[2.911s] copying tricycle_camera_pkg/image_capture.py -> /home/amanah/Documents/robo202/tricycle_camera_ws/build/tricycle_camera_pkg/build/lib/tricycle_camera_pkg
[2.912s] running install
[2.930s] running install_lib
[2.974s] copying /home/amanah/Documents/robo202/tricycle_camera_ws/build/tricycle_camera_pkg/build/lib/tricycle_camera_pkg/image_capture.py -> /home/amanah/Documents/robo202/tricycle_camera_ws/install/tricycle_camera_pkg/lib/python3.12/site-packages/tricycle_camera_pkg
[2.975s] byte-compiling /home/amanah/Documents/robo202/tricycle_camera_ws/install/tricycle_camera_pkg/lib/python3.12/site-packages/tricycle_camera_pkg/image_capture.py to image_capture.cpython-312.pyc
[2.978s] running install_data
[2.978s] copying launch/simulation.launch.py -> /home/amanah/Documents/robo202/tricycle_camera_ws/install/tricycle_camera_pkg/share/tricycle_camera_pkg/launch
[2.978s] running install_egg_info
[3.033s] removing '/home/amanah/Documents/robo202/tricycle_camera_ws/install/tricycle_camera_pkg/lib/python3.12/site-packages/tricycle_camera_pkg-0.0.0-py3.12.egg-info' (and everything under it)
[3.033s] Copying ../../build/tricycle_camera_pkg/tricycle_camera_pkg.egg-info to /home/amanah/Documents/robo202/tricycle_camera_ws/install/tricycle_camera_pkg/lib/python3.12/site-packages/tricycle_camera_pkg-0.0.0-py3.12.egg-info
[3.040s] running install_scripts
[3.349s] Installing image_capture script to /home/amanah/Documents/robo202/tricycle_camera_ws/install/tricycle_camera_pkg/lib/tricycle_camera_pkg
[3.350s] writing list of installed files to '/home/amanah/Documents/robo202/tricycle_camera_ws/build/tricycle_camera_pkg/install.log'
[3.408s] Invoked command in '/home/amanah/Documents/robo202/tricycle_camera_ws/src/tricycle_camera_pkg' returned '0': DEBUGINFOD_URLS=https://debuginfod.ubuntu.com PYTHONPATH=/home/amanah/Documents/robo202/tricycle_camera_ws/build/tricycle_camera_pkg/prefix_override:/usr/lib/python3/dist-packages/colcon_core/task/python/colcon_distutils_commands:/home/amanah/Documents/robo202/tricycle_camera_ws/install/tricycle_camera_pkg/lib/python3.12/site-packages:${PYTHONPATH} /usr/bin/python3 -W ignore:setup.py install is deprecated -W ignore:easy_install command is deprecated setup.py egg_info --egg-base ../../build/tricycle_camera_pkg build --build-base /home/amanah/Documents/robo202/tricycle_camera_ws/build/tricycle_camera_pkg/build install --record /home/amanah/Documents/robo202/tricycle_camera_ws/build/tricycle_camera_pkg/install.log --single-version-externally-managed install_data
