[0.712s] Invoking command in '/workspace/src/tricycle_camera_pkg': PYTHONPATH=/workspace/build/tricycle_camera_pkg/prefix_override:/usr/lib/python3/dist-packages/colcon_core/task/python/colcon_distutils_commands:/workspace/install/tricycle_camera_pkg/lib/python3.10/site-packages:${PYTHONPATH} /usr/bin/python3 -W ignore:setup.py install is deprecated -W ignore:easy_install command is deprecated setup.py egg_info --egg-base ../../build/tricycle_camera_pkg build --build-base /workspace/build/tricycle_camera_pkg/build install --record /workspace/build/tricycle_camera_pkg/install.log --single-version-externally-managed install_data
[0.964s] running egg_info
[0.964s] writing ../../build/tricycle_camera_pkg/tricycle_camera_pkg.egg-info/PKG-INFO
[0.965s] writing dependency_links to ../../build/tricycle_camera_pkg/tricycle_camera_pkg.egg-info/dependency_links.txt
[0.965s] writing entry points to ../../build/tricycle_camera_pkg/tricycle_camera_pkg.egg-info/entry_points.txt
[0.965s] writing requirements to ../../build/tricycle_camera_pkg/tricycle_camera_pkg.egg-info/requires.txt
[0.965s] writing top-level names to ../../build/tricycle_camera_pkg/tricycle_camera_pkg.egg-info/top_level.txt
[0.966s] reading manifest file '../../build/tricycle_camera_pkg/tricycle_camera_pkg.egg-info/SOURCES.txt'
[0.970s] writing manifest file '../../build/tricycle_camera_pkg/tricycle_camera_pkg.egg-info/SOURCES.txt'
[0.970s] running build
[0.970s] running build_py
[0.971s] running install
[0.971s] running install_lib
[0.972s] running install_data
[0.973s] copying launch/simulation.launch.py -> /workspace/install/tricycle_camera_pkg/share/tricycle_camera_pkg/launch
[0.973s] copying urdf/tricycle.urdf -> /workspace/install/tricycle_camera_pkg/share/tricycle_camera_pkg/urdf
[0.974s] copying urdf/obstacles.sdf -> /workspace/install/tricycle_camera_pkg/share/tricycle_camera_pkg/urdf
[0.974s] running install_egg_info
[0.976s] removing '/workspace/install/tricycle_camera_pkg/lib/python3.10/site-packages/tricycle_camera_pkg-0.0.0-py3.10.egg-info' (and everything under it)
[0.976s] Copying ../../build/tricycle_camera_pkg/tricycle_camera_pkg.egg-info to /workspace/install/tricycle_camera_pkg/lib/python3.10/site-packages/tricycle_camera_pkg-0.0.0-py3.10.egg-info
[0.977s] running install_scripts
[0.998s] Installing image_capture script to /workspace/install/tricycle_camera_pkg/lib/tricycle_camera_pkg
[0.998s] writing list of installed files to '/workspace/build/tricycle_camera_pkg/install.log'
[1.019s] Invoked command in '/workspace/src/tricycle_camera_pkg' returned '0': PYTHONPATH=/workspace/build/tricycle_camera_pkg/prefix_override:/usr/lib/python3/dist-packages/colcon_core/task/python/colcon_distutils_commands:/workspace/install/tricycle_camera_pkg/lib/python3.10/site-packages:${PYTHONPATH} /usr/bin/python3 -W ignore:setup.py install is deprecated -W ignore:easy_install command is deprecated setup.py egg_info --egg-base ../../build/tricycle_camera_pkg build --build-base /workspace/build/tricycle_camera_pkg/build install --record /workspace/build/tricycle_camera_pkg/install.log --single-version-externally-managed install_data
