[0.581s] Invoking command in '/root/shared_home/Documents/robo202/tricycle_camera_ws/src/tricycle_camera_pkg': PYTHONPATH=/root/shared_home/Documents/robo202/tricycle_camera_ws/build/tricycle_camera_pkg/prefix_override:/usr/lib/python3/dist-packages/colcon_core/task/python/colcon_distutils_commands:/root/shared_home/Documents/robo202/tricycle_camera_ws/install/tricycle_camera_pkg/lib/python3.10/site-packages:${PYTHONPATH} /usr/bin/python3 -W ignore:setup.py install is deprecated -W ignore:easy_install command is deprecated setup.py egg_info --egg-base ../../build/tricycle_camera_pkg build --build-base /root/shared_home/Documents/robo202/tricycle_camera_ws/build/tricycle_camera_pkg/build install --record /root/shared_home/Documents/robo202/tricycle_camera_ws/build/tricycle_camera_pkg/install.log --single-version-externally-managed install_data
[0.818s] running egg_info
[0.819s] writing ../../build/tricycle_camera_pkg/tricycle_camera_pkg.egg-info/PKG-INFO
[0.819s] writing dependency_links to ../../build/tricycle_camera_pkg/tricycle_camera_pkg.egg-info/dependency_links.txt
[0.820s] writing entry points to ../../build/tricycle_camera_pkg/tricycle_camera_pkg.egg-info/entry_points.txt
[0.820s] writing requirements to ../../build/tricycle_camera_pkg/tricycle_camera_pkg.egg-info/requires.txt
[0.820s] writing top-level names to ../../build/tricycle_camera_pkg/tricycle_camera_pkg.egg-info/top_level.txt
[0.822s] reading manifest file '../../build/tricycle_camera_pkg/tricycle_camera_pkg.egg-info/SOURCES.txt'
[0.825s] writing manifest file '../../build/tricycle_camera_pkg/tricycle_camera_pkg.egg-info/SOURCES.txt'
[0.826s] running build
[0.826s] running build_py
[0.826s] copying tricycle_camera_pkg/image_capture.py -> /root/shared_home/Documents/robo202/tricycle_camera_ws/build/tricycle_camera_pkg/build/lib/tricycle_camera_pkg
[0.827s] running install
[0.827s] running install_lib
[0.829s] copying /root/shared_home/Documents/robo202/tricycle_camera_ws/build/tricycle_camera_pkg/build/lib/tricycle_camera_pkg/image_capture.py -> /root/shared_home/Documents/robo202/tricycle_camera_ws/install/tricycle_camera_pkg/lib/python3.10/site-packages/tricycle_camera_pkg
[0.830s] byte-compiling /root/shared_home/Documents/robo202/tricycle_camera_ws/install/tricycle_camera_pkg/lib/python3.10/site-packages/tricycle_camera_pkg/image_capture.py to image_capture.cpython-310.pyc
[0.831s] running install_data
[0.832s] running install_egg_info
[0.835s] removing '/root/shared_home/Documents/robo202/tricycle_camera_ws/install/tricycle_camera_pkg/lib/python3.10/site-packages/tricycle_camera_pkg-0.0.0-py3.10.egg-info' (and everything under it)
[0.836s] Copying ../../build/tricycle_camera_pkg/tricycle_camera_pkg.egg-info to /root/shared_home/Documents/robo202/tricycle_camera_ws/install/tricycle_camera_pkg/lib/python3.10/site-packages/tricycle_camera_pkg-0.0.0-py3.10.egg-info
[0.837s] running install_scripts
[0.861s] Installing image_capture script to /root/shared_home/Documents/robo202/tricycle_camera_ws/install/tricycle_camera_pkg/lib/tricycle_camera_pkg
[0.861s] writing list of installed files to '/root/shared_home/Documents/robo202/tricycle_camera_ws/build/tricycle_camera_pkg/install.log'
[0.886s] Invoked command in '/root/shared_home/Documents/robo202/tricycle_camera_ws/src/tricycle_camera_pkg' returned '0': PYTHONPATH=/root/shared_home/Documents/robo202/tricycle_camera_ws/build/tricycle_camera_pkg/prefix_override:/usr/lib/python3/dist-packages/colcon_core/task/python/colcon_distutils_commands:/root/shared_home/Documents/robo202/tricycle_camera_ws/install/tricycle_camera_pkg/lib/python3.10/site-packages:${PYTHONPATH} /usr/bin/python3 -W ignore:setup.py install is deprecated -W ignore:easy_install command is deprecated setup.py egg_info --egg-base ../../build/tricycle_camera_pkg build --build-base /root/shared_home/Documents/robo202/tricycle_camera_ws/build/tricycle_camera_pkg/build install --record /root/shared_home/Documents/robo202/tricycle_camera_ws/build/tricycle_camera_pkg/install.log --single-version-externally-managed install_data
